<?xml version="1.0" encoding="UTF-8"?>
<!-- Generated by org.testng.reporters.JUnitReportReporter -->
<testsuite skipped="0" hostname="DESKTOP-FQH2IHE" name="com.crm.qa.testcases.HomepageTest" tests="1" failures="0" timestamp="2020-06-10T17:39:57 IST" time="13.434" errors="0">
  <testcase name="verifyHomePageTitle" time="13.434" classname="com.crm.qa.testcases.HomepageTest"/>
  <system-out/>
</testsuite> <!-- com.crm.qa.testcases.HomepageTest -->
