<?xml version="1.0" encoding="UTF-8"?>
<!-- Generated by org.testng.reporters.JUnitReportReporter -->
<testsuite skipped="0" hostname="DESKTOP-FQH2IHE" name="com.crm.qa.testcases.LoginpageTest" tests="2" failures="0" timestamp="10 Jun 2020 06:51:30 GMT" time="26.651" errors="0">
  <testcase name="loginTest" time="13.064" classname="com.crm.qa.testcases.LoginpageTest"/>
  <testcase name="loginpageTitleTest" time="13.587" classname="com.crm.qa.testcases.LoginpageTest"/>
</testsuite> <!-- com.crm.qa.testcases.LoginpageTest -->
